E:\LICEL\DEBUG\RELMODEL.DLL
E:\licel\Debug\RelModel.exp
E:\LICEL\DEBUG\RELMODEL.ILK
E:\licel\Debug\RelModel.lib
E:\LICEL\DEBUG\RELMODEL.PDB
E:\licel\RelModel\Debug\cl.command.1.tlog
E:\licel\RelModel\Debug\CL.read.1.tlog
E:\licel\RelModel\Debug\CL.write.1.tlog
E:\LICEL\RELMODEL\DEBUG\DATMODEL.OBJ
E:\LICEL\RELMODEL\DEBUG\DATRECORD.OBJ
E:\licel\RelModel\Debug\link.3004.read.1.tlog
E:\licel\RelModel\Debug\link.3004.write.1.tlog
E:\licel\RelModel\Debug\link.3004-cvtres.read.1.tlog
E:\licel\RelModel\Debug\link.3004-cvtres.write.1.tlog
E:\licel\RelModel\Debug\link.command.1.tlog
E:\licel\RelModel\Debug\link.read.1.tlog
E:\licel\RelModel\Debug\link.write.1.tlog
E:\licel\RelModel\Debug\link-cvtres.read.1.tlog
E:\licel\RelModel\Debug\link-cvtres.write.1.tlog
E:\licel\RelModel\Debug\mt.command.1.tlog
E:\licel\RelModel\Debug\mt.read.1.tlog
E:\licel\RelModel\Debug\mt.write.1.tlog
E:\licel\RelModel\Debug\rc.command.1.tlog
E:\licel\RelModel\Debug\rc.read.1.tlog
E:\licel\RelModel\Debug\rc.write.1.tlog
E:\LICEL\RELMODEL\DEBUG\RELMODEL.DLL.EMBED.MANIFEST
E:\LICEL\RELMODEL\DEBUG\RELMODEL.DLL.EMBED.MANIFEST.RES
E:\LICEL\RELMODEL\DEBUG\RELMODEL.DLL.INTERMEDIATE.MANIFEST
E:\LICEL\RELMODEL\DEBUG\RELMODEL.OBJ
E:\LICEL\RELMODEL\DEBUG\RELMODEL.PCH
E:\LICEL\RELMODEL\DEBUG\RELMODEL.RES
E:\licel\RelModel\Debug\RelModel.write.1.tlog
E:\licel\RelModel\Debug\RelModel_manifest.rc
E:\LICEL\RELMODEL\DEBUG\SAMPLE.OBJ
E:\LICEL\RELMODEL\DEBUG\STDAFX.OBJ
E:\licel\RelModel\Debug\vc100.idb
E:\LICEL\RELMODEL\DEBUG\VC100.PDB
