F:\LICEL\ALGCPP\DEBUG\ALGCPP.DLL.EMBED.MANIFEST
F:\LICEL\ALGCPP\DEBUG\ALGCPP.DLL.EMBED.MANIFEST.RES
F:\LICEL\ALGCPP\DEBUG\ALGCPP.DLL.INTERMEDIATE.MANIFEST
F:\LICEL\ALGCPP\DEBUG\ALGCPP.OBJ
F:\LICEL\ALGCPP\DEBUG\ALGCPP.PCH
F:\licel\algcpp\Debug\algcpp.vcxprojResolveAssemblyReference.cache
F:\licel\algcpp\Debug\algcpp.write.1.tlog
F:\licel\algcpp\Debug\algcpp_manifest.rc
F:\licel\algcpp\Debug\cl.command.1.tlog
F:\licel\algcpp\Debug\CL.read.1.tlog
F:\licel\algcpp\Debug\CL.write.1.tlog
F:\LICEL\ALGCPP\DEBUG\DLLMAIN.OBJ
F:\licel\algcpp\Debug\link.2656.read.1.tlog
F:\licel\algcpp\Debug\link.2656.write.1.tlog
F:\licel\algcpp\Debug\link.2656-cvtres.read.1.tlog
F:\licel\algcpp\Debug\link.2656-cvtres.write.1.tlog
F:\licel\algcpp\Debug\link.command.1.tlog
F:\licel\algcpp\Debug\link.read.1.tlog
F:\licel\algcpp\Debug\link.write.1.tlog
F:\licel\algcpp\Debug\link-cvtres.read.1.tlog
F:\licel\algcpp\Debug\link-cvtres.write.1.tlog
F:\licel\algcpp\Debug\mt.command.1.tlog
F:\licel\algcpp\Debug\mt.read.1.tlog
F:\licel\algcpp\Debug\mt.write.1.tlog
F:\licel\algcpp\Debug\rc.command.1.tlog
F:\licel\algcpp\Debug\rc.read.1.tlog
F:\licel\algcpp\Debug\rc.write.1.tlog
F:\LICEL\ALGCPP\DEBUG\STDAFX.OBJ
F:\licel\algcpp\Debug\vc100.idb
F:\LICEL\ALGCPP\DEBUG\VC100.PDB
F:\LICEL\DEBUG\ALGCPP.DLL
F:\licel\Debug\algcpp.exp
F:\LICEL\DEBUG\ALGCPP.ILK
F:\licel\Debug\algcpp.lib
F:\LICEL\DEBUG\ALGCPP.PDB
