F:\LICEL\DEBUG\RADAR_WSP.EXE
F:\licel\Debug\radar_wsp.exp
F:\LICEL\DEBUG\RADAR_WSP.ILK
F:\licel\Debug\radar_wsp.lib
F:\LICEL\DEBUG\RADAR_WSP.PDB
F:\LICEL\RADAR_WSP\DEBUG\ADVANCEDPRODUCTVIEW.OBJ
F:\LICEL\RADAR_WSP\DEBUG\AXISCONFIGHELPER.OBJ
F:\LICEL\RADAR_WSP\DEBUG\AXISSETTINGSDLG.OBJ
F:\LICEL\RADAR_WSP\DEBUG\BTNST.OBJ
F:\LICEL\RADAR_WSP\DEBUG\CAPTURETASKDLG.OBJ
F:\licel\radar_wsp\Debug\cl.command.1.tlog
F:\licel\radar_wsp\Debug\CL.read.1.tlog
F:\licel\radar_wsp\Debug\CL.write.1.tlog
F:\LICEL\RADAR_WSP\DEBUG\COLORSTATUSBAR.OBJ
F:\LICEL\RADAR_WSP\DEBUG\DATABROWSERDLG.OBJ
F:\LICEL\RADAR_WSP\DEBUG\LICELSETTINGSPAGE.OBJ
F:\licel\radar_wsp\Debug\link.12576.read.1.tlog
F:\licel\radar_wsp\Debug\link.12576.write.1.tlog
F:\licel\radar_wsp\Debug\link.12576-cvtres.read.1.tlog
F:\licel\radar_wsp\Debug\link.12576-cvtres.write.1.tlog
F:\licel\radar_wsp\Debug\link.command.1.tlog
F:\licel\radar_wsp\Debug\link.read.1.tlog
F:\licel\radar_wsp\Debug\link.write.1.tlog
F:\licel\radar_wsp\Debug\link-cvtres.read.1.tlog
F:\licel\radar_wsp\Debug\link-cvtres.write.1.tlog
F:\LICEL\RADAR_WSP\DEBUG\LOGINDLG.OBJ
F:\LICEL\RADAR_WSP\DEBUG\MAINFRM.OBJ
F:\licel\radar_wsp\Debug\mt.command.1.tlog
F:\licel\radar_wsp\Debug\mt.read.1.tlog
F:\licel\radar_wsp\Debug\mt.write.1.tlog
F:\LICEL\RADAR_WSP\DEBUG\PRODUCTBASEVIEW.OBJ
F:\LICEL\RADAR_WSP\DEBUG\RADAR_WSP.EXE.EMBED.MANIFEST
F:\LICEL\RADAR_WSP\DEBUG\RADAR_WSP.EXE.EMBED.MANIFEST.RES
F:\LICEL\RADAR_WSP\DEBUG\RADAR_WSP.EXE.INTERMEDIATE.MANIFEST
F:\LICEL\RADAR_WSP\DEBUG\RADAR_WSP.OBJ
F:\LICEL\RADAR_WSP\DEBUG\RADAR_WSP.PCH
F:\LICEL\RADAR_WSP\DEBUG\RADAR_WSP.RES
F:\licel\radar_wsp\Debug\radar_wsp.vcxprojResolveAssemblyReference.cache
F:\licel\radar_wsp\Debug\radar_wsp.write.1.tlog
F:\licel\radar_wsp\Debug\radar_wsp_manifest.rc
F:\LICEL\RADAR_WSP\DEBUG\RADAR_WSPDOC.OBJ
F:\LICEL\RADAR_WSP\DEBUG\RADARFORMVIEW.OBJ
F:\licel\radar_wsp\Debug\rc.command.1.tlog
F:\licel\radar_wsp\Debug\rc.read.1.tlog
F:\licel\radar_wsp\Debug\rc.write.1.tlog
F:\LICEL\RADAR_WSP\DEBUG\RECORDDLG.OBJ
F:\LICEL\RADAR_WSP\DEBUG\SAVESETTINGSDLG.OBJ
F:\LICEL\RADAR_WSP\DEBUG\STDAFX.OBJ
F:\LICEL\RADAR_WSP\DEBUG\TASKEDITDLG.OBJ
F:\licel\radar_wsp\Debug\vc100.idb
F:\LICEL\RADAR_WSP\DEBUG\VC100.PDB
