E:\LICEL\DEBUG\RADARKERNAL.DLL
E:\licel\Debug\RadarKernal.exp
E:\LICEL\DEBUG\RADARKERNAL.ILK
E:\licel\Debug\RadarKernal.lib
E:\LICEL\DEBUG\RADARKERNAL.PDB
E:\LICEL\RADARKERNAL\DEBUG\ACQUIREHELPER.OBJ
E:\licel\RadarKernal\Debug\cl.command.1.tlog
E:\licel\RadarKernal\Debug\CL.read.1.tlog
E:\licel\RadarKernal\Debug\CL.write.1.tlog
E:\LICEL\RADARKERNAL\DEBUG\DLLMAIN.OBJ
E:\licel\RadarKernal\Debug\link.916.read.1.tlog
E:\licel\RadarKernal\Debug\link.916.write.1.tlog
E:\licel\RadarKernal\Debug\link.916-cvtres.read.1.tlog
E:\licel\RadarKernal\Debug\link.916-cvtres.write.1.tlog
E:\licel\RadarKernal\Debug\link.command.1.tlog
E:\licel\RadarKernal\Debug\link.read.1.tlog
E:\licel\RadarKernal\Debug\link.write.1.tlog
E:\licel\RadarKernal\Debug\link-cvtres.read.1.tlog
E:\licel\RadarKernal\Debug\link-cvtres.write.1.tlog
E:\licel\RadarKernal\Debug\mt.command.1.tlog
E:\licel\RadarKernal\Debug\mt.read.1.tlog
E:\licel\RadarKernal\Debug\mt.write.1.tlog
E:\LICEL\RADARKERNAL\DEBUG\PRODUCTHELPER.OBJ
E:\LICEL\RADARKERNAL\DEBUG\PROGRESSDLG.OBJ
E:\LICEL\RADARKERNAL\DEBUG\RADARKERNAL.DLL.EMBED.MANIFEST
E:\LICEL\RADARKERNAL\DEBUG\RADARKERNAL.DLL.EMBED.MANIFEST.RES
E:\LICEL\RADARKERNAL\DEBUG\RADARKERNAL.DLL.INTERMEDIATE.MANIFEST
E:\LICEL\RADARKERNAL\DEBUG\RADARKERNAL.OBJ
E:\LICEL\RADARKERNAL\DEBUG\RADARKERNAL.PCH
E:\LICEL\RADARKERNAL\DEBUG\RADARKERNAL.RES
E:\licel\RadarKernal\Debug\RadarKernal.write.1.tlog
E:\licel\RadarKernal\Debug\RadarKernal_manifest.rc
E:\LICEL\RADARKERNAL\DEBUG\RADARSTATION.OBJ
E:\licel\RadarKernal\Debug\rc.command.1.tlog
E:\licel\RadarKernal\Debug\rc.read.1.tlog
E:\licel\RadarKernal\Debug\rc.write.1.tlog
E:\LICEL\RADARKERNAL\DEBUG\STANDARDFORMATTER.OBJ
E:\LICEL\RADARKERNAL\DEBUG\STDAFX.OBJ
E:\licel\RadarKernal\Debug\vc100.idb
E:\LICEL\RADARKERNAL\DEBUG\VC100.PDB
