F:\LICEL\DEBUG\FORMATFACTORY.DLL
F:\licel\Debug\FormatFactory.exp
F:\LICEL\DEBUG\FORMATFACTORY.ILK
F:\licel\Debug\FormatFactory.lib
F:\LICEL\DEBUG\FORMATFACTORY.PDB
F:\LICEL\FORMATFACTORY\DEBUG\CHANNEL.OBJ
F:\LICEL\FORMATFACTORY\DEBUG\CHANNELPROPERTY.OBJ
F:\licel\FormatFactory\Debug\cl.command.1.tlog
F:\licel\FormatFactory\Debug\CL.read.1.tlog
F:\licel\FormatFactory\Debug\CL.write.1.tlog
F:\LICEL\FORMATFACTORY\DEBUG\DLLMAIN.OBJ
F:\LICEL\FORMATFACTORY\DEBUG\FILEPROPERTY.OBJ
F:\LICEL\FORMATFACTORY\DEBUG\FORMATFACTORY.DLL.EMBED.MANIFEST
F:\LICEL\FORMATFACTORY\DEBUG\FORMATFACTORY.DLL.EMBED.MANIFEST.RES
F:\LICEL\FORMATFACTORY\DEBUG\FORMATFACTORY.DLL.INTERMEDIATE.MANIFEST
F:\LICEL\FORMATFACTORY\DEBUG\FORMATFACTORY.OBJ
F:\LICEL\FORMATFACTORY\DEBUG\FORMATFACTORY.PCH
F:\LICEL\FORMATFACTORY\DEBUG\FORMATFACTORY.RES
F:\licel\FormatFactory\Debug\FormatFactory.write.1.tlog
F:\licel\FormatFactory\Debug\FormatFactory_manifest.rc
F:\licel\FormatFactory\Debug\link.10184.read.1.tlog
F:\licel\FormatFactory\Debug\link.10184.write.1.tlog
F:\licel\FormatFactory\Debug\link.10184-cvtres.read.1.tlog
F:\licel\FormatFactory\Debug\link.10184-cvtres.write.1.tlog
F:\licel\FormatFactory\Debug\link.command.1.tlog
F:\licel\FormatFactory\Debug\link.read.1.tlog
F:\licel\FormatFactory\Debug\link.write.1.tlog
F:\licel\FormatFactory\Debug\link-cvtres.read.1.tlog
F:\licel\FormatFactory\Debug\link-cvtres.write.1.tlog
F:\licel\FormatFactory\Debug\mt.command.1.tlog
F:\licel\FormatFactory\Debug\mt.read.1.tlog
F:\licel\FormatFactory\Debug\mt.write.1.tlog
F:\LICEL\FORMATFACTORY\DEBUG\RADARPROPERTY.OBJ
F:\licel\FormatFactory\Debug\rc.command.1.tlog
F:\licel\FormatFactory\Debug\rc.read.1.tlog
F:\licel\FormatFactory\Debug\rc.write.1.tlog
F:\LICEL\FORMATFACTORY\DEBUG\RECORDPROPERTY.OBJ
F:\LICEL\FORMATFACTORY\DEBUG\STATIONPROPERTY.OBJ
F:\LICEL\FORMATFACTORY\DEBUG\STDAFX.OBJ
F:\licel\FormatFactory\Debug\vc100.idb
F:\LICEL\FORMATFACTORY\DEBUG\VC100.PDB
