E:\LICEL\DEBUG\LICELACQ.DLL
E:\licel\Debug\LicelAcq.exp
E:\LICEL\DEBUG\LICELACQ.ILK
E:\licel\Debug\LicelAcq.lib
E:\LICEL\DEBUG\LICELACQ.PDB
E:\LICEL\LICELACQ\DEBUG\BLOWFISH.OBJ
E:\licel\LicelAcq\Debug\cl.command.1.tlog
E:\licel\LicelAcq\Debug\CL.read.1.tlog
E:\licel\LicelAcq\Debug\CL.write.1.tlog
E:\LICEL\LICELACQ\DEBUG\LICEL_DATA.OBJ
E:\LICEL\LICELACQ\DEBUG\LICEL_TCPIP.OBJ
E:\LICEL\LICELACQ\DEBUG\LICEL_TR_TCPIP.OBJ
E:\LICEL\LICELACQ\DEBUG\LICEL_UTIL.OBJ
E:\LICEL\LICELACQ\DEBUG\LICELACQ.DLL.EMBED.MANIFEST
E:\LICEL\LICELACQ\DEBUG\LICELACQ.DLL.EMBED.MANIFEST.RES
E:\LICEL\LICELACQ\DEBUG\LICELACQ.DLL.INTERMEDIATE.MANIFEST
E:\LICEL\LICELACQ\DEBUG\LICELACQ.OBJ
E:\LICEL\LICELACQ\DEBUG\LICELACQ.PCH
E:\LICEL\LICELACQ\DEBUG\LICELACQ.RES
E:\licel\LicelAcq\Debug\LicelAcq.vcxprojResolveAssemblyReference.cache
E:\licel\LicelAcq\Debug\LicelAcq.write.1.tlog
E:\licel\LicelAcq\Debug\LicelAcq_manifest.rc
E:\LICEL\LICELACQ\DEBUG\LICELACQCTL.OBJ
E:\licel\LicelAcq\Debug\link.2664.read.1.tlog
E:\licel\LicelAcq\Debug\link.2664.write.1.tlog
E:\licel\LicelAcq\Debug\link.2664-cvtres.read.1.tlog
E:\licel\LicelAcq\Debug\link.2664-cvtres.write.1.tlog
E:\licel\LicelAcq\Debug\link.command.1.tlog
E:\licel\LicelAcq\Debug\link.read.1.tlog
E:\licel\LicelAcq\Debug\link.write.1.tlog
E:\licel\LicelAcq\Debug\link-cvtres.read.1.tlog
E:\licel\LicelAcq\Debug\link-cvtres.write.1.tlog
E:\licel\LicelAcq\Debug\mt.command.1.tlog
E:\licel\LicelAcq\Debug\mt.read.1.tlog
E:\licel\LicelAcq\Debug\mt.write.1.tlog
E:\licel\LicelAcq\Debug\rc.command.1.tlog
E:\licel\LicelAcq\Debug\rc.read.1.tlog
E:\licel\LicelAcq\Debug\rc.write.1.tlog
E:\LICEL\LICELACQ\DEBUG\STDAFX.OBJ
E:\licel\LicelAcq\Debug\vc100.idb
E:\LICEL\LICELACQ\DEBUG\VC100.PDB
